app/manifest-merger-release-report.txt
-- Merging decision tree log ---
manifest
ADDED from AndroidManifest.xml:2:1
	package
		ADDED from AndroidManifest.xml:3:5
		INJECTED from AndroidManifest.xml:0:0
		INJECTED from AndroidManifest.xml:0:0
	android:versionName
		INJECTED from AndroidManifest.xml:0:0
		INJECTED from AndroidManifest.xml:0:0
	xmlns:android
		ADDED from AndroidManifest.xml:2:11
	android:versionCode
		INJECTED from AndroidManifest.xml:0:0
		INJECTED from AndroidManifest.xml:0:0
uses-permission#android.permission.INTERNET
ADDED from AndroidManifest.xml:5:5
	android:name
		ADDED from AndroidManifest.xml:5:22
uses-permission#android.permission.WRITE_EXTERNAL_STORAGE
ADDED from AndroidManifest.xml:6:5
	android:name
		ADDED from AndroidManifest.xml:6:22
uses-permission#android.permission.MOUNT_UNMOUNT_FILESYSTEMS
ADDED from AndroidManifest.xml:7:5
	android:name
		ADDED from AndroidManifest.xml:7:22
uses-permission#android.permission.ACCESS_NETWORK_STATE
ADDED from AndroidManifest.xml:8:5
	android:name
		ADDED from AndroidManifest.xml:8:22
uses-permission#android.permission.READ_PHONE_STATE
ADDED from AndroidManifest.xml:9:5
	android:name
		ADDED from AndroidManifest.xml:9:22
uses-permission#android.permission.ACCESS_WIFI_STATE
ADDED from AndroidManifest.xml:11:5
	android:name
		ADDED from AndroidManifest.xml:11:22
uses-permission#android.permission.CHANGE_WIFI_STATE
ADDED from AndroidManifest.xml:12:5
	android:name
		ADDED from AndroidManifest.xml:12:22
uses-permission#android.permission.VIBRATE
ADDED from AndroidManifest.xml:13:5
	android:name
		ADDED from AndroidManifest.xml:13:22
uses-permission#android.permission.BLUETOOTH
ADDED from AndroidManifest.xml:14:5
MERGED from CMDH:DeviceService:unspecified:11:5
	android:name
		ADDED from AndroidManifest.xml:14:22
uses-permission#android.permission.BLUETOOTH_ADMIN
ADDED from AndroidManifest.xml:15:5
MERGED from CMDH:DeviceService:unspecified:12:5
	android:name
		ADDED from AndroidManifest.xml:15:22
application
ADDED from AndroidManifest.xml:17:5
MERGED from CMDH:slideMenu_Library:unspecified:11:5
MERGED from CMDH:viewPagerIndicator_Library:unspecified:11:5
MERGED from com.github.johnkil.android-robototextview:robototextview:2.2.0:12:5
MERGED from cn.trinea.android.common:trinea-android-common:4.2.15:11:5
MERGED from com.android.support:appcompat-v7:20.0.0:17:5
MERGED from com.ikimuhendis:ldrawer:0.1:11:5
MERGED from com.beardedhen:androidbootstrap:1.2.3:11:5
MERGED from in.srain.cube:ultra-ptr:1.0.8:11:5
MERGED from com.github.eluleci:flatui:3.0.0:9:5
	android:label
		ADDED from AndroidManifest.xml:21:9
	android:allowBackup
		ADDED from AndroidManifest.xml:19:9
	android:icon
		ADDED from AndroidManifest.xml:20:9
	android:theme
		ADDED from AndroidManifest.xml:22:9
	android:name
		ADDED from AndroidManifest.xml:18:9
activity#com.njucm.cmdh.app.activitys.MainActivity2
ADDED from AndroidManifest.xml:23:9
	android:screenOrientation
		ADDED from AndroidManifest.xml:27:13
	android:label
		ADDED from AndroidManifest.xml:26:13
	android:icon
		ADDED from AndroidManifest.xml:25:13
	android:theme
		ADDED from AndroidManifest.xml:28:13
	android:name
		ADDED from AndroidManifest.xml:24:13
intent-filter#android.intent.action.MAIN+android.intent.category.LAUNCHER
ADDED from AndroidManifest.xml:29:13
action#android.intent.action.MAIN
ADDED from AndroidManifest.xml:30:17
	android:name
		ADDED from AndroidManifest.xml:30:25
category#android.intent.category.LAUNCHER
ADDED from AndroidManifest.xml:32:17
	android:name
		ADDED from AndroidManifest.xml:32:27
activity#com.njucm.cmdh.app.activitys.StartUpActivity
ADDED from AndroidManifest.xml:35:9
	android:label
		ADDED from AndroidManifest.xml:37:13
	android:theme
		ADDED from AndroidManifest.xml:38:13
	android:name
		ADDED from AndroidManifest.xml:36:13
activity#com.njucm.cmdh.app.activitys.DetileResultActivity
ADDED from AndroidManifest.xml:39:9
	android:label
		ADDED from AndroidManifest.xml:41:13
	android:name
		ADDED from AndroidManifest.xml:40:13
activity#com.njucm.cmdh.app.activitys.TestActivity
ADDED from AndroidManifest.xml:42:9
	android:label
		ADDED from AndroidManifest.xml:44:13
	android:name
		ADDED from AndroidManifest.xml:43:13
activity#com.njucm.cmdh.app.fragments.ConsIdenty.PhysiqueTest
ADDED from AndroidManifest.xml:45:9
	android:label
		ADDED from AndroidManifest.xml:47:13
	android:name
		ADDED from AndroidManifest.xml:46:13
activity#com.njucm.cmdh.app.activitys.ConstitutionActivity
ADDED from AndroidManifest.xml:48:9
	android:label
		ADDED from AndroidManifest.xml:50:13
	android:name
		ADDED from AndroidManifest.xml:49:13
activity#com.njucm.cmdh.app.activitys.HealthSuggestionsActivity
ADDED from AndroidManifest.xml:51:9
	android:label
		ADDED from AndroidManifest.xml:53:13
	android:name
		ADDED from AndroidManifest.xml:52:13
activity#com.njucm.cmdh.app.activitys.MyCollectionActivity
ADDED from AndroidManifest.xml:54:9
	android:label
		ADDED from AndroidManifest.xml:56:13
	android:name
		ADDED from AndroidManifest.xml:55:13
activity#com.njucm.cmdh.app.activitys.HealthTendingActivity
ADDED from AndroidManifest.xml:57:9
	android:label
		ADDED from AndroidManifest.xml:59:13
	android:name
		ADDED from AndroidManifest.xml:58:13
activity#com.njucm.cmdh.app.activitys.HealthWarningActivity
ADDED from AndroidManifest.xml:60:9
	android:label
		ADDED from AndroidManifest.xml:62:13
	android:name
		ADDED from AndroidManifest.xml:61:13
activity#com.njucm.cmdh.app.fragments.ConsIdenty.PhysiqueIntroduce
ADDED from AndroidManifest.xml:63:9
	android:label
		ADDED from AndroidManifest.xml:65:13
	android:name
		ADDED from AndroidManifest.xml:64:13
activity#com.njucm.cmdh.app.activitys.DataRecord
ADDED from AndroidManifest.xml:66:9
	android:label
		ADDED from AndroidManifest.xml:68:13
	android:name
		ADDED from AndroidManifest.xml:67:13
activity#com.njucm.cmdh.app.fragments.ConsIdenty.DetectionResult
ADDED from AndroidManifest.xml:69:9
	android:label
		ADDED from AndroidManifest.xml:71:13
	android:name
		ADDED from AndroidManifest.xml:70:13
activity#com.njucm.cmdh.app.fragments.ConsIdenty.AllDetectionResult
ADDED from AndroidManifest.xml:72:9
	android:label
		ADDED from AndroidManifest.xml:74:13
	android:name
		ADDED from AndroidManifest.xml:73:13
service#com.njucm.cmdh.app.utils.PopService
ADDED from AndroidManifest.xml:76:9
	android:name
		ADDED from AndroidManifest.xml:76:18
service#com.njucm.cmdh.app.androidpn.NotificationService
ADDED from AndroidManifest.xml:77:9
	android:enabled
		ADDED from AndroidManifest.xml:79:13
	android:label
		ADDED from AndroidManifest.xml:80:13
	android:name
		ADDED from AndroidManifest.xml:78:13
intent-filter#com.njucm.cmdh.app.androidpn.NotificationService
ADDED from AndroidManifest.xml:81:13
action#com.njucm.cmdh.app.androidpn.NotificationService
ADDED from AndroidManifest.xml:82:17
	android:name
		ADDED from AndroidManifest.xml:82:25
activity#com.njucm.cmdh.app.fragments.ConsIdenty.AllIdentifyQuestion
ADDED from AndroidManifest.xml:86:9
	android:label
		ADDED from AndroidManifest.xml:88:13
	android:name
		ADDED from AndroidManifest.xml:87:13
activity#com.njucm.cmdh.app.activitys.SportRecordEnteringActivity
ADDED from AndroidManifest.xml:92:9
	android:label
		ADDED from AndroidManifest.xml:94:13
	android:name
		ADDED from AndroidManifest.xml:93:13
activity#com.njucm.cmdh.app.activitys.HealthSuggestionExpand
ADDED from AndroidManifest.xml:95:9
	android:logo
		ADDED from AndroidManifest.xml:97:13
	android:name
		ADDED from AndroidManifest.xml:96:13
activity#com.njucm.cmdh.app.activitys.HealthSuggestionExpand2
ADDED from AndroidManifest.xml:98:9
	android:logo
		ADDED from AndroidManifest.xml:100:13
	android:name
		ADDED from AndroidManifest.xml:99:13
activity#com.njucm.cmdh.app.activitys.NoNetActivity
ADDED from AndroidManifest.xml:105:9
	android:label
		ADDED from AndroidManifest.xml:107:13
	android:name
		ADDED from AndroidManifest.xml:106:13
activity#com.njucm.cmdh.app.activitys.ElementSelectActivity
ADDED from AndroidManifest.xml:108:9
	android:label
		ADDED from AndroidManifest.xml:110:13
	android:name
		ADDED from AndroidManifest.xml:109:13
activity#com.njucm.cmdh.app.activitys.HabitActivity
ADDED from AndroidManifest.xml:111:9
	android:label
		ADDED from AndroidManifest.xml:113:13
	android:name
		ADDED from AndroidManifest.xml:112:13
activity#com.njucm.cmdh.app.activitys.codoon.RomdeviceBindSuccess
ADDED from AndroidManifest.xml:114:9
	android:label
		ADDED from AndroidManifest.xml:116:13
	android:name
		ADDED from AndroidManifest.xml:115:13
activity#com.njucm.cmdh.app.activitys.codoon.BindAccessorySuccess
ADDED from AndroidManifest.xml:117:9
	android:label
		ADDED from AndroidManifest.xml:119:13
	android:name
		ADDED from AndroidManifest.xml:118:13
activity#com.njucm.cmdh.app.activitys.codoon.DownloadCodoonRomActivity
ADDED from AndroidManifest.xml:120:9
	android:label
		ADDED from AndroidManifest.xml:122:13
	android:name
		ADDED from AndroidManifest.xml:121:13
activity#com.njucm.cmdh.app.activitys.codoon.FoundAccessoryActivity
ADDED from AndroidManifest.xml:123:9
	android:label
		ADDED from AndroidManifest.xml:125:13
	android:name
		ADDED from AndroidManifest.xml:124:13
activity#com.njucm.cmdh.app.activitys.codoon.DiscoveryAccessoryActivity
ADDED from AndroidManifest.xml:126:9
	android:label
		ADDED from AndroidManifest.xml:128:13
	android:name
		ADDED from AndroidManifest.xml:127:13
activity#com.njucm.cmdh.app.activitys.codoon.BindAccessoryActivity
ADDED from AndroidManifest.xml:129:9
	android:label
		ADDED from AndroidManifest.xml:131:13
	android:name
		ADDED from AndroidManifest.xml:130:13
activity#com.njucm.cmdh.app.activitys.codoon.CurrentAccessoryActivity
ADDED from AndroidManifest.xml:132:9
	android:label
		ADDED from AndroidManifest.xml:134:13
	android:name
		ADDED from AndroidManifest.xml:133:13
activity#com.njucm.cmdh.app.activitys.codoon.DeviceDataActivity
ADDED from AndroidManifest.xml:135:9
	android:label
		ADDED from AndroidManifest.xml:137:13
	android:name
		ADDED from AndroidManifest.xml:136:13
activity#com.njucm.cmdh.app.activitys.SettingActivity
ADDED from AndroidManifest.xml:138:9
	android:name
		ADDED from AndroidManifest.xml:138:19
activity#com.njucm.cmdh.app.activitys.MainActivity
ADDED from AndroidManifest.xml:139:9
	android:label
		ADDED from AndroidManifest.xml:141:13
	android:name
		ADDED from AndroidManifest.xml:140:13
activity#com.njucm.cmdh.app.activitys.user.UserLoginActivity
ADDED from AndroidManifest.xml:142:9
	android:label
		ADDED from AndroidManifest.xml:144:13
	android:name
		ADDED from AndroidManifest.xml:143:13
activity#com.njucm.cmdh.app.activitys.user.RegistActivity
ADDED from AndroidManifest.xml:145:9
	android:label
		ADDED from AndroidManifest.xml:147:13
	android:name
		ADDED from AndroidManifest.xml:146:13
uses-sdk
INJECTED from AndroidManifest.xml:0:0 reason: use-sdk injection requested
MERGED from CMDH:slideMenu_Library:unspecified:7:5
MERGED from CMDH:viewPagerIndicator_Library:unspecified:7:5
MERGED from CMDH:library:unspecified:7:5
MERGED from CMDH:DeviceService:unspecified:7:5
MERGED from com.github.johnkil.android-robototextview:robototextview:2.2.0:8:5
MERGED from cn.trinea.android.common:trinea-android-common:4.2.15:7:5
MERGED from com.norbsoft.typefacehelper:library:0.9.0:8:5
MERGED from com.android.support:appcompat-v7:20.0.0:16:5
MERGED from com.ikimuhendis:ldrawer:0.1:7:5
MERGED from com.beardedhen:androidbootstrap:1.2.3:7:5
MERGED from com.github.lecho:hellocharts-library:1.5.3:7:5
MERGED from in.srain.cube:ultra-ptr:1.0.8:7:5
MERGED from in.srain.cube:cube-sdk:1.0.44:7:5
MERGED from net.simonvt.menudrawer:menudrawer:3.0.6:3:5
MERGED from com.oguzdev:CircularFloatingActionMenu:1.0.2:7:5
MERGED from com.github.eluleci:flatui:3.0.0:5:5
	android:targetSdkVersion
		INJECTED from AndroidManifest.xml:0:0
		INJECTED from AndroidManifest.xml:0:0
	android:minSdkVersion
		INJECTED from AndroidManifest.xml:0:0
		INJECTED from AndroidManifest.xml:0:0
service#com.ratio.deviceService.BTDeviceService
ADDED from CMDH:DeviceService:unspecified:14:5
	android:enabled
		ADDED from CMDH:DeviceService:unspecified:16:9
	android:name
		ADDED from CMDH:DeviceService:unspecified:15:9
receiver#com.ratio.deviceService.BluetoothBroadcastReceiver
ADDED from CMDH:DeviceService:unspecified:18:5
	android:name
		ADDED from CMDH:DeviceService:unspecified:18:15
intent-filter#android.bluetooth.adapter.action.STATE_CHANGED+com.ratio.deviceService.DeviceService.RESET_ADAPTER
ADDED from CMDH:DeviceService:unspecified:19:9
action#android.bluetooth.adapter.action.STATE_CHANGED
ADDED from CMDH:DeviceService:unspecified:20:13
	android:name
		ADDED from CMDH:DeviceService:unspecified:20:21
action#com.ratio.deviceService.DeviceService.RESET_ADAPTER
ADDED from CMDH:DeviceService:unspecified:21:13
	android:name
		ADDED from CMDH:DeviceService:unspecified:21:21
uses-feature#android.hardware.bluetooth_le
ADDED from CMDH:DeviceService:unspecified:25:5
	android:required
		ADDED from CMDH:DeviceService:unspecified:27:9
	android:name
		ADDED from CMDH:DeviceService:unspecified:26:9
uses-library#com.broadcom.bt
ADDED from CMDH:DeviceService:unspecified:29:5
	android:required
		ADDED from CMDH:DeviceService:unspecified:31:9
	android:name
		ADDED from CMDH:DeviceService:unspecified:30:9